#
# A fatal error has been detected by the Java Runtime Environment:
#
#  SIGSEGV (0xb) at pc=0x000000012a694561, pid=26774, tid=775
#
# JRE version: Java(TM) SE Runtime Environment (8.0_51-b16) (build 1.8.0_51-b16)
# Java VM: Java HotSpot(TM) 64-Bit Server VM (25.51-b03 mixed mode bsd-amd64 compressed oops)
# Problematic frame:
# C  [libglass.dylib+0x15561]  GlassScreenDidChangeScreenParameters+0x21
#
# Failed to write core dump. Core dumps have been disabled. To enable core dumping, try "ulimit -c unlimited" before starting Java again
#
# If you would like to submit a bug report, please visit:
#   http://bugreport.java.com/bugreport/crash.jsp
#

---------------  T H R E A D  ---------------

Current thread is native thread

siginfo: si_signo: 11 (SIGSEGV), si_code: 1 (SEGV_MAPERR), si_addr: 0x0000000000000000

Registers:
RAX=0x000000012a6c6ac8, RBX=0x0000000000000000, RCX=0x0000000000000103, RDX=0x0000000000012068
RSP=0x00007fff54cd6b00, RBP=0x00007fff54cd6b10, RSI=0x00007f80b8710aa0, RDI=0x0000000000000000
R8 =0x0000000000000040, R9 =0x00007fffb93df040, R10=0xffffffffffffffff, R11=0x0000000000012068
R12=0x0000000000000000, R13=0x00007f80b855b700, R14=0x00007f80b874a6a0, R15=0x0000000000000000
RIP=0x000000012a694561, EFLAGS=0x0000000000010246, ERR=0x0000000000000004
  TRAPNO=0x000000000000000e

Top of Stack: (sp=0x00007fff54cd6b00)
0x00007fff54cd6b00:   00007f80b855b7c0 00007f80b874a6a0
0x00007fff54cd6b10:   00007fff54cd6b20 00007fff9b07ba6c
0x00007fff54cd6b20:   00007fff54cd6b90 00007fff9b07b96b
0x00007fff54cd6b30:   00007fff9b3a2cf7 00007fffb93da060
0x00007fff54cd6b40:   00000000c2000000 00007fff9b07b9c0
0x00007fff54cd6b50:   00007fffb5d22680 00007f80b855b700
0x00007fff54cd6b60:   00007f80b874a6a0 00007fff54cd7358
0x00007fff54cd6b70:   00007fffafcc1b40 00007fff54cd6c60
0x00007fff54cd6b80:   00007f80b855b700 00007fff997af966
0x00007fff54cd6b90:   00007fff54cd6bd0 00007fff9b07b6d2
0x00007fff54cd6ba0:   00007fff54cd71a0 0000000000000000
0x00007fff54cd6bb0:   00007fffafcc1b40 00007fff54cd6c60
0x00007fff54cd6bc0:   00007fff54cd7358 00007fff997af966
0x00007fff54cd6bd0:   00007fff54cd72f0 00007fff9b038d63
0x00007fff54cd6be0:   0000000000000003 00007fff54cd6ca0
0x00007fff54cd6bf0:   00007f80b87459f0 00007fff54cd7240
0x00007fff54cd6c00:   00007f80ba807390 00007fffb5d23cb0
0x00007fff54cd6c10:   0000000000000000 00007f80ba087048
0x00007fff54cd6c20:   00007f80ba807301 00007f80b8429e10
0x00007fff54cd6c30:   00007fffb5e560c0 0000000000000000
0x00007fff54cd6c40:   00007f80b855b7f0 0000000000000000
0x00007fff54cd6c50:   0000000000000000 00007fffb5d628e0
0x00007fff54cd6c60:   00007fff54cd71a0 0000000000000001
0x00007fff54cd6c70:   0000000000000100 00007fff54cd6c00
0x00007fff54cd6c80:   00007fff54cd70a0 0000000000000000
0x00007fff54cd6c90:   0000000000000100 00007fffb5d63e00
0x00007fff54cd6ca0:   00007fff54cd7240 0000000000000001
0x00007fff54cd6cb0:   00007fff54cd6cf0 00007fff9b033a0c
0x00007fff54cd6cc0:   000000000000000c 00007f80b87459f0
0x00007fff54cd6cd0:   00007f80b87459f0 00007fffb5d63e60
0x00007fff54cd6ce0:   00007f80b8500130 0000000000000001
0x00007fff54cd6cf0:   00007fff54cd7370 00007fff9b033529 

Instructions: (pc=0x000000012a694561)
0x000000012a694541:   48 89 e5 41 56 53 48 8d 05 72 26 03 00 48 83 38
0x000000012a694551:   00 48 89 fb 75 72 48 8d 05 6a 25 03 00 48 8b 30
0x000000012a694561:   48 8b 03 48 8d 15 74 9a 01 00 48 8d 0d 2e 70 01
0x000000012a694571:   00 48 89 df ff 90 88 03 00 00 48 8d 0d 3e 26 03 

Register to memory mapping:

RAX=0x000000012a6c6ac8: jScreenClass+0 in /Library/Java/JavaVirtualMachines/jdk1.8.0_51.jdk/Contents/Home/jre/lib/libglass.dylib at 0x000000012a67f000
RBX=0x0000000000000000 is an unknown value
RCX=0x0000000000000103 is an unknown value
RDX=0x0000000000012068 is an unknown value
RSP=0x00007fff54cd6b00 is an unknown value
RBP=0x00007fff54cd6b10 is an unknown value
RSI=0x00007f80b8710aa0 is a global jni handle
RDI=0x0000000000000000 is an unknown value
R8 =0x0000000000000040 is an unknown value
R9 =0x00007fffb93df040: __sFX+0x1c0 in /usr/lib/system/libsystem_c.dylib at 0x00007fffb05e8000
R10=0xffffffffffffffff is an unknown value
R11=0x0000000000012068 is an unknown value
R12=0x0000000000000000 is an unknown value
R13=0x00007f80b855b700 is an unknown value
R14=0x00007f80b874a6a0 is an unknown value
R15=0x0000000000000000 is an unknown value


Stack: [0x00007fff544da000,0x00007fff54cda000],  sp=0x00007fff54cd6b00,  free space=8178k
Native frames: (J=compiled Java code, j=interpreted, Vv=VM code, C=native code)
C  [libglass.dylib+0x15561]  GlassScreenDidChangeScreenParameters+0x21
C  [CoreFoundation+0x9da6c]  __CFNOTIFICATIONCENTER_IS_CALLING_OUT_TO_AN_OBSERVER__+0xc
C  [CoreFoundation+0x9d96b]  _CFXRegistrationPost+0x1ab
C  [CoreFoundation+0x9d6d2]  ___CFXNotificationPost_block_invoke+0x32
C  [CoreFoundation+0x5ad63]  -[_CFXNotificationRegistrar find:object:observer:enumerator:]+0x723
C  [CoreFoundation+0x59d9c]  _CFXNotificationPost+0x25c
C  [Foundation+0x6a37]  -[NSNotificationCenter postNotificationName:object:userInfo:]+0x42
C  [AppKit+0x3f1386]  -[NSApplication _reactToScreenInvalidationImmediately:]+0x18f
C  [AppKit+0x3f11c3]  __44-[NSApplication _reactToScreenInvalidation:]_block_invoke+0x3b
C  [CoreFoundation+0xa77dc]  __CFRUNLOOP_IS_CALLING_OUT_TO_A_BLOCK__+0xc
C  [CoreFoundation+0x887e4]  __CFRunLoopDoBlocks+0x164
C  [CoreFoundation+0x88326]  __CFRunLoopRun+0x756
C  [CoreFoundation+0x87974]  CFRunLoopRunSpecific+0x1a4
C  [java+0x6463]  CreateExecutionEnvironment+0x367
C  [java+0x21ac]  JLI_Launch+0x7a0
C  [java+0x84c0]  main+0x65
C  [java+0x1a04]  start+0x34


---------------  P R O C E S S  ---------------

VM state:at safepoint (normal execution)

VM Mutex/Monitor currently owned by a thread:  ([mutex/lock_event])
[0x00007f80b8502870] Threads_lock - owner thread: 0x00007f80ba011800

Heap:
 PSYoungGen      total 76288K, used 14867K [0x000000076ab00000, 0x0000000770000000, 0x00000007c0000000)
  eden space 65536K, 22% used [0x000000076ab00000,0x000000076b984cd0,0x000000076eb00000)
  from space 10752K, 0% used [0x000000076f580000,0x000000076f580000,0x0000000770000000)
  to   space 10752K, 0% used [0x000000076eb00000,0x000000076eb00000,0x000000076f580000)
 ParOldGen       total 175104K, used 0K [0x00000006c0000000, 0x00000006cab00000, 0x000000076ab00000)
  object space 175104K, 0% used [0x00000006c0000000,0x00000006c0000000,0x00000006cab00000)
 Metaspace       used 6454K, capacity 6908K, committed 7040K, reserved 1056768K
  class space    used 726K, capacity 837K, committed 896K, reserved 1048576K

Card table byte_map: [0x000000010d329000,0x000000010db2a000] byte_map_base: 0x0000000109d29000

Marking Bits: (ParMarkBitMap*) 0x000000010c8c27a0
 Begin Bits: [0x000000010e080000, 0x0000000112080000)
 End Bits:   [0x0000000112080000, 0x0000000116080000)

Polling page: 0x000000010afe6000

CodeCache: size=245760Kb used=2034Kb max_used=2034Kb free=243725Kb
 bounds [0x0000000118d82000, 0x0000000118ff2000, 0x0000000127d82000]
 total_blobs=836 nmethods=452 adapters=298
 compilation: enabled

Compilation events (10 events):
Event: 0.465 Thread 0x00007f80ba031800  449       1       java.nio.Buffer::position (5 bytes)
Event: 0.465 Thread 0x00007f80ba031800 nmethod 449 0x0000000118f79d50 code [0x0000000118f79ea0, 0x0000000118f79fb0]
Event: 0.466 Thread 0x00007f80ba031800  450       1       java.nio.Buffer::limit (5 bytes)
Event: 0.466 Thread 0x00007f80ba031800 nmethod 450 0x0000000118f79a50 code [0x0000000118f79ba0, 0x0000000118f79cb0]
Event: 0.466 Thread 0x00007f80ba031800  451       3       java.nio.ByteBuffer::arrayOffset (35 bytes)
Event: 0.466 Thread 0x00007f80ba031800 nmethod 451 0x0000000118f80210 code [0x0000000118f803a0, 0x0000000118f806b8]
Event: 0.466 Thread 0x00007f80ba031800  452       3       java.nio.Buffer::position (43 bytes)
Event: 0.467 Thread 0x00007f80ba031800 nmethod 452 0x0000000118f7fd10 code [0x0000000118f7fe80, 0x0000000118f80148]
Event: 0.467 Thread 0x00007f80ba031800  453       3       java.nio.CharBuffer::arrayOffset (35 bytes)
Event: 0.467 Thread 0x00007f80ba031800 nmethod 453 0x0000000118f7f710 code [0x0000000118f7f8a0, 0x0000000118f7fbb8]

GC Heap History (0 events):
No events

Deoptimization events (1 events):
Event: 0.445 Thread 0x00007f80ba032800 Uncommon trap: reason=unstable_if action=reinterpret pc=0x0000000118f37174 method=java.lang.String.replace(CC)Ljava/lang/String; @ 2

Internal exceptions (10 events):
Event: 0.132 Thread 0x00007f80ba005000 Exception <a 'java/lang/NoSuchFieldError': method resolution failed> (0x000000076af47520) thrown at [/Users/java_re/workspace/8-2-build-macosx-x86_64/jdk8u51/3951/hotspot/src/share/vm/prims/methodHandles.cpp, line 1125]
Event: 0.133 Thread 0x00007f80ba005000 Exception <a 'java/lang/NoSuchFieldError': method resolution failed> (0x000000076af55bf0) thrown at [/Users/java_re/workspace/8-2-build-macosx-x86_64/jdk8u51/3951/hotspot/src/share/vm/prims/methodHandles.cpp, line 1125]
Event: 0.149 Thread 0x00007f80ba005000 Exception <a 'java/security/PrivilegedActionException'> (0x000000076afe1dc0) thrown at [/Users/java_re/workspace/8-2-build-macosx-x86_64/jdk8u51/3951/hotspot/src/share/vm/prims/jvm.cpp, line 1382]
Event: 0.149 Thread 0x00007f80ba005000 Exception <a 'java/security/PrivilegedActionException'> (0x000000076afe1f78) thrown at [/Users/java_re/workspace/8-2-build-macosx-x86_64/jdk8u51/3951/hotspot/src/share/vm/prims/jvm.cpp, line 1382]
Event: 0.150 Thread 0x00007f80ba005000 Exception <a 'java/security/PrivilegedActionException'> (0x000000076afe5168) thrown at [/Users/java_re/workspace/8-2-build-macosx-x86_64/jdk8u51/3951/hotspot/src/share/vm/prims/jvm.cpp, line 1382]
Event: 0.150 Thread 0x00007f80ba005000 Exception <a 'java/security/PrivilegedActionException'> (0x000000076afe5320) thrown at [/Users/java_re/workspace/8-2-build-macosx-x86_64/jdk8u51/3951/hotspot/src/share/vm/prims/jvm.cpp, line 1382]
Event: 0.150 Thread 0x00007f80ba005000 Exception <a 'java/lang/NullPointerException'> (0x000000076afe5ab8) thrown at [/Users/java_re/workspace/8-2-build-macosx-x86_64/jdk8u51/3951/hotspot/src/share/vm/interpreter/linkResolver.cpp, line 1178]
Event: 0.456 Thread 0x00007f80ba032800 Exception <a 'java/lang/NullPointerException'> (0x000000076b4cda70) thrown at [/Users/java_re/workspace/8-2-build-macosx-x86_64/jdk8u51/3951/hotspot/src/share/vm/interpreter/linkResolver.cpp, line 1178]
Event: 0.456 Thread 0x00007f80ba032800 Exception <a 'java/lang/reflect/InvocationTargetException'> (0x000000076b4cdc20) thrown at [/Users/java_re/workspace/8-2-build-macosx-x86_64/jdk8u51/3951/hotspot/src/share/vm/runtime/reflection.cpp, line 1080]
Event: 0.465 Thread 0x00007f80ba005000 Exception <a 'java/lang/reflect/InvocationTargetException'> (0x000000076b23b928) thrown at [/Users/java_re/workspace/8-2-build-macosx-x86_64/jdk8u51/3951/hotspot/src/share/vm/runtime/reflection.cpp, line 1080]

Events (10 events):
Event: 0.470 loading class java/util/Formatter$Flags done
Event: 0.470 loading class java/util/Formatter$Conversion
Event: 0.471 loading class java/util/Formatter$Conversion done
Event: 0.471 loading class java/util/Formattable
Event: 0.471 loading class java/util/Formattable done
Event: 0.471 loading class java/util/IdentityHashMap$KeyIterator
Event: 0.471 loading class java/util/IdentityHashMap$IdentityHashMapIterator
Event: 0.471 loading class java/util/IdentityHashMap$IdentityHashMapIterator done
Event: 0.471 loading class java/util/IdentityHashMap$KeyIterator done
Event: 0.471 Executing VM operation: Exit


Dynamic libraries:
0x0000000025cb4000 	/System/Library/Frameworks/Cocoa.framework/Versions/A/Cocoa
0x0000000025cb4000 	/System/Library/Frameworks/Security.framework/Versions/A/Security
0x0000000025cb4000 	/System/Library/Frameworks/ApplicationServices.framework/Versions/A/ApplicationServices
0x0000000025cb4000 	/usr/lib/libz.1.dylib
0x0000000025cb4000 	/usr/lib/libSystem.B.dylib
0x0000000025cb4000 	/usr/lib/libobjc.A.dylib
0x0000000025cb4000 	/System/Library/Frameworks/CoreFoundation.framework/Versions/A/CoreFoundation
0x0000000025cb4000 	/System/Library/Frameworks/Foundation.framework/Versions/C/Foundation
0x0000000025cb4000 	/System/Library/Frameworks/AppKit.framework/Versions/C/AppKit
0x0000000025cb4000 	/System/Library/Frameworks/CoreData.framework/Versions/A/CoreData
0x0000000025cb4000 	/System/Library/PrivateFrameworks/RemoteViewServices.framework/Versions/A/RemoteViewServices
0x0000000025cb4000 	/System/Library/PrivateFrameworks/UIFoundation.framework/Versions/A/UIFoundation
0x0000000025cb4000 	/System/Library/PrivateFrameworks/DFRFoundation.framework/Versions/A/DFRFoundation
0x0000000025cb4000 	/usr/lib/libenergytrace.dylib
0x0000000025cb4000 	/System/Library/PrivateFrameworks/SkyLight.framework/Versions/A/SkyLight
0x0000000025cb4000 	/System/Library/Frameworks/CoreGraphics.framework/Versions/A/CoreGraphics
0x0000000025cb4000 	/usr/lib/libScreenReader.dylib
0x0000000025cb4000 	/System/Library/Frameworks/Accelerate.framework/Versions/A/Accelerate
0x0000000025cb4000 	/System/Library/Frameworks/IOSurface.framework/Versions/A/IOSurface
0x0000000025cb4000 	/System/Library/Frameworks/AudioToolbox.framework/Versions/A/AudioToolbox
0x0000000025cb4000 	/System/Library/Frameworks/AudioUnit.framework/Versions/A/AudioUnit
0x0000000025cb4000 	/System/Library/PrivateFrameworks/DataDetectorsCore.framework/Versions/A/DataDetectorsCore
0x0000000025cb4000 	/System/Library/PrivateFrameworks/DesktopServicesPriv.framework/Versions/A/DesktopServicesPriv
0x0000000025cb4000 	/System/Library/Frameworks/Carbon.framework/Versions/A/Frameworks/HIToolbox.framework/Versions/A/HIToolbox
0x0000000025cb4000 	/usr/lib/libicucore.A.dylib
0x0000000025cb4000 	/System/Library/Frameworks/QuartzCore.framework/Versions/A/QuartzCore
0x0000000025cb4000 	/System/Library/Frameworks/Carbon.framework/Versions/A/Frameworks/SpeechRecognition.framework/Versions/A/SpeechRecognition
0x0000000025cb4000 	/usr/lib/libauto.dylib
0x0000000025cb4000 	/usr/lib/libxml2.2.dylib
0x0000000025cb4000 	/System/Library/PrivateFrameworks/CoreUI.framework/Versions/A/CoreUI
0x0000000025cb4000 	/System/Library/Frameworks/CoreAudio.framework/Versions/A/CoreAudio
0x0000000025cb4000 	/System/Library/Frameworks/DiskArbitration.framework/Versions/A/DiskArbitration
0x0000000025cb4000 	/usr/lib/liblangid.dylib
0x0000000025cb4000 	/System/Library/PrivateFrameworks/MultitouchSupport.framework/Versions/A/MultitouchSupport
0x0000000025cb4000 	/System/Library/Frameworks/IOKit.framework/Versions/A/IOKit
0x0000000025cb4000 	/usr/lib/libDiagnosticMessagesClient.dylib
0x0000000025cb4000 	/System/Library/Frameworks/CoreServices.framework/Versions/A/CoreServices
0x0000000025cb4000 	/System/Library/PrivateFrameworks/PerformanceAnalysis.framework/Versions/A/PerformanceAnalysis
0x0000000025cb4000 	/System/Library/PrivateFrameworks/GenerationalStorage.framework/Versions/A/GenerationalStorage
0x0000000025cb4000 	/System/Library/Frameworks/OpenGL.framework/Versions/A/OpenGL
0x0000000025cb4000 	/System/Library/Frameworks/CoreImage.framework/Versions/A/CoreImage
0x0000000025cb4000 	/System/Library/Frameworks/CoreText.framework/Versions/A/CoreText
0x0000000025cb4000 	/System/Library/Frameworks/ImageIO.framework/Versions/A/ImageIO
0x0000000025cb4000 	/System/Library/PrivateFrameworks/Backup.framework/Versions/A/Backup
0x0000000025cb4000 	/usr/lib/libarchive.2.dylib
0x0000000025cb4000 	/System/Library/Frameworks/CFNetwork.framework/Versions/A/CFNetwork
0x0000000025cb4000 	/System/Library/Frameworks/SystemConfiguration.framework/Versions/A/SystemConfiguration
0x0000000025cb4000 	/usr/lib/libCRFSuite.dylib
0x0000000025cb4000 	/usr/lib/libc++.1.dylib
0x0000000025cb4000 	/usr/lib/libc++abi.dylib
0x0000000025cb4000 	/usr/lib/system/libcache.dylib
0x0000000025cb4000 	/usr/lib/system/libcommonCrypto.dylib
0x0000000025cb4000 	/usr/lib/system/libcompiler_rt.dylib
0x0000000025cb4000 	/usr/lib/system/libcopyfile.dylib
0x0000000025cb4000 	/usr/lib/system/libcorecrypto.dylib
0x0000000025cb4000 	/usr/lib/system/libdispatch.dylib
0x0000000025cb4000 	/usr/lib/system/libdyld.dylib
0x0000000025cb4000 	/usr/lib/system/libkeymgr.dylib
0x0000000025cb4000 	/usr/lib/system/liblaunch.dylib
0x0000000025cb4000 	/usr/lib/system/libmacho.dylib
0x0000000025cb4000 	/usr/lib/system/libquarantine.dylib
0x0000000025cb4000 	/usr/lib/system/libremovefile.dylib
0x0000000025cb4000 	/usr/lib/system/libsystem_asl.dylib
0x0000000025cb4000 	/usr/lib/system/libsystem_blocks.dylib
0x0000000025cb4000 	/usr/lib/system/libsystem_c.dylib
0x0000000025cb4000 	/usr/lib/system/libsystem_configuration.dylib
0x0000000025cb4000 	/usr/lib/system/libsystem_coreservices.dylib
0x0000000025cb4000 	/usr/lib/system/libsystem_coretls.dylib
0x0000000025cb4000 	/usr/lib/system/libsystem_dnssd.dylib
0x0000000025cb4000 	/usr/lib/system/libsystem_info.dylib
0x0000000025cb4000 	/usr/lib/system/libsystem_kernel.dylib
0x0000000025cb4000 	/usr/lib/system/libsystem_m.dylib
0x0000000025cb4000 	/usr/lib/system/libsystem_malloc.dylib
0x0000000025cb4000 	/usr/lib/system/libsystem_network.dylib
0x0000000025cb4000 	/usr/lib/system/libsystem_networkextension.dylib
0x0000000025cb4000 	/usr/lib/system/libsystem_notify.dylib
0x0000000025cb4000 	/usr/lib/system/libsystem_platform.dylib
0x0000000025cb4000 	/usr/lib/system/libsystem_pthread.dylib
0x0000000025cb4000 	/usr/lib/system/libsystem_sandbox.dylib
0x0000000025cb4000 	/usr/lib/system/libsystem_secinit.dylib
0x0000000025cb4000 	/usr/lib/system/libsystem_symptoms.dylib
0x0000000025cb4000 	/usr/lib/system/libsystem_trace.dylib
0x0000000025cb4000 	/usr/lib/system/libunwind.dylib
0x0000000025cb4000 	/usr/lib/system/libxpc.dylib
0x0000000025cb4000 	/usr/lib/libbsm.0.dylib
0x0000000025cb4000 	/usr/lib/system/libkxld.dylib
0x0000000025cb4000 	/usr/lib/libcoretls.dylib
0x0000000025cb4000 	/usr/lib/libcoretls_cfhelpers.dylib
0x0000000025cb4000 	/usr/lib/libxar.1.dylib
0x0000000025cb4000 	/usr/lib/libsqlite3.dylib
0x0000000025cb4000 	/usr/lib/libpam.2.dylib
0x0000000025cb4000 	/usr/lib/libOpenScriptingUtil.dylib
0x0000000025cb4000 	/usr/lib/libbz2.1.0.dylib
0x0000000025cb4000 	/usr/lib/liblzma.5.dylib
0x0000000025cb4000 	/usr/lib/libnetwork.dylib
0x0000000025cb4000 	/usr/lib/libpcap.A.dylib
0x0000000025cb4000 	/System/Library/Frameworks/CoreServices.framework/Versions/A/Frameworks/FSEvents.framework/Versions/A/FSEvents
0x0000000025cb4000 	/System/Library/Frameworks/CoreServices.framework/Versions/A/Frameworks/CarbonCore.framework/Versions/A/CarbonCore
0x0000000025cb4000 	/System/Library/Frameworks/CoreServices.framework/Versions/A/Frameworks/Metadata.framework/Versions/A/Metadata
0x0000000025cb4000 	/System/Library/Frameworks/CoreServices.framework/Versions/A/Frameworks/OSServices.framework/Versions/A/OSServices
0x0000000025cb4000 	/System/Library/Frameworks/CoreServices.framework/Versions/A/Frameworks/SearchKit.framework/Versions/A/SearchKit
0x0000000025cb4000 	/System/Library/Frameworks/CoreServices.framework/Versions/A/Frameworks/AE.framework/Versions/A/AE
0x0000000025cb4000 	/System/Library/Frameworks/CoreServices.framework/Versions/A/Frameworks/LaunchServices.framework/Versions/A/LaunchServices
0x0000000025cb4000 	/System/Library/Frameworks/CoreServices.framework/Versions/A/Frameworks/DictionaryServices.framework/Versions/A/DictionaryServices
0x0000000025cb4000 	/System/Library/Frameworks/CoreServices.framework/Versions/A/Frameworks/SharedFileList.framework/Versions/A/SharedFileList
0x0000000025cb4000 	/System/Library/Frameworks/NetFS.framework/Versions/A/NetFS
0x0000000025cb4000 	/System/Library/PrivateFrameworks/NetAuth.framework/Versions/A/NetAuth
0x0000000025cb4000 	/System/Library/PrivateFrameworks/login.framework/Versions/A/Frameworks/loginsupport.framework/Versions/A/loginsupport
0x0000000025cb4000 	/System/Library/PrivateFrameworks/TCC.framework/Versions/A/TCC
0x0000000025cb4000 	/usr/lib/libmecabra.dylib
0x0000000025cb4000 	/System/Library/Frameworks/ApplicationServices.framework/Versions/A/Frameworks/ATS.framework/Versions/A/ATS
0x0000000025cb4000 	/System/Library/Frameworks/ApplicationServices.framework/Versions/A/Frameworks/ColorSync.framework/Versions/A/ColorSync
0x0000000025cb4000 	/System/Library/Frameworks/ApplicationServices.framework/Versions/A/Frameworks/HIServices.framework/Versions/A/HIServices
0x0000000025cb4000 	/System/Library/Frameworks/ApplicationServices.framework/Versions/A/Frameworks/LangAnalysis.framework/Versions/A/LangAnalysis
0x0000000025cb4000 	/System/Library/Frameworks/ApplicationServices.framework/Versions/A/Frameworks/PrintCore.framework/Versions/A/PrintCore
0x0000000025cb4000 	/System/Library/Frameworks/ApplicationServices.framework/Versions/A/Frameworks/QD.framework/Versions/A/QD
0x0000000025cb4000 	/System/Library/Frameworks/ApplicationServices.framework/Versions/A/Frameworks/SpeechSynthesis.framework/Versions/A/SpeechSynthesis
0x0000000025cb4000 	/System/Library/Frameworks/Accelerate.framework/Versions/A/Frameworks/vImage.framework/Versions/A/vImage
0x0000000025cb4000 	/System/Library/Frameworks/Accelerate.framework/Versions/A/Frameworks/vecLib.framework/Versions/A/vecLib
0x0000000025cb4000 	/System/Library/Frameworks/Accelerate.framework/Versions/A/Frameworks/vecLib.framework/Versions/A/libvDSP.dylib
0x0000000025cb4000 	/System/Library/Frameworks/Accelerate.framework/Versions/A/Frameworks/vecLib.framework/Versions/A/libBNNS.dylib
0x0000000025cb4000 	/System/Library/Frameworks/Accelerate.framework/Versions/A/Frameworks/vecLib.framework/Versions/A/libQuadrature.dylib
0x0000000025cb4000 	/System/Library/Frameworks/Accelerate.framework/Versions/A/Frameworks/vecLib.framework/Versions/A/libvMisc.dylib
0x0000000025cb4000 	/System/Library/Frameworks/Accelerate.framework/Versions/A/Frameworks/vecLib.framework/Versions/A/libLAPACK.dylib
0x0000000025cb4000 	/System/Library/Frameworks/Accelerate.framework/Versions/A/Frameworks/vecLib.framework/Versions/A/libBLAS.dylib
0x0000000025cb4000 	/System/Library/Frameworks/Accelerate.framework/Versions/A/Frameworks/vecLib.framework/Versions/A/libLinearAlgebra.dylib
0x0000000025cb4000 	/System/Library/Frameworks/Accelerate.framework/Versions/A/Frameworks/vecLib.framework/Versions/A/libSparseBLAS.dylib
0x0000000025cb4000 	/System/Library/Frameworks/ApplicationServices.framework/Versions/A/Frameworks/ATS.framework/Versions/A/Resources/libFontParser.dylib
0x0000000025cb4000 	/System/Library/Frameworks/ApplicationServices.framework/Versions/A/Frameworks/ATS.framework/Versions/A/Resources/libFontRegistry.dylib
0x0000000025cb4000 	/System/Library/Frameworks/ImageIO.framework/Versions/A/Resources/libJPEG.dylib
0x0000000025cb4000 	/System/Library/Frameworks/ImageIO.framework/Versions/A/Resources/libTIFF.dylib
0x0000000025cb4000 	/System/Library/Frameworks/ImageIO.framework/Versions/A/Resources/libPng.dylib
0x0000000025cb4000 	/System/Library/Frameworks/ImageIO.framework/Versions/A/Resources/libGIF.dylib
0x0000000025cb4000 	/System/Library/Frameworks/ImageIO.framework/Versions/A/Resources/libJP2.dylib
0x0000000025cb4000 	/System/Library/Frameworks/ImageIO.framework/Versions/A/Resources/libRadiance.dylib
0x0000000025cb4000 	/usr/lib/libcompression.dylib
0x0000000025cb4000 	/System/Library/PrivateFrameworks/AppleJPEG.framework/Versions/A/AppleJPEG
0x0000000025cb4000 	/usr/lib/libcups.2.dylib
0x0000000025cb4000 	/System/Library/Frameworks/Kerberos.framework/Versions/A/Kerberos
0x0000000025cb4000 	/System/Library/Frameworks/GSS.framework/Versions/A/GSS
0x0000000025cb4000 	/usr/lib/libresolv.9.dylib
0x0000000025cb4000 	/usr/lib/libiconv.2.dylib
0x0000000025cb4000 	/System/Library/PrivateFrameworks/Heimdal.framework/Versions/A/Heimdal
0x0000000025cb4000 	/usr/lib/libheimdal-asn1.dylib
0x0000000025cb4000 	/System/Library/Frameworks/OpenDirectory.framework/Versions/A/OpenDirectory
0x0000000025cb4000 	/System/Library/PrivateFrameworks/CommonAuth.framework/Versions/A/CommonAuth
0x0000000025cb4000 	/System/Library/Frameworks/OpenDirectory.framework/Versions/A/Frameworks/CFOpenDirectory.framework/Versions/A/CFOpenDirectory
0x0000000025cb4000 	/System/Library/Frameworks/SecurityFoundation.framework/Versions/A/SecurityFoundation
0x0000000025cb4000 	/System/Library/PrivateFrameworks/LanguageModeling.framework/Versions/A/LanguageModeling
0x0000000025cb4000 	/usr/lib/libmarisa.dylib
0x0000000025cb4000 	/usr/lib/libChineseTokenizer.dylib
0x0000000025cb4000 	/usr/lib/libcmph.dylib
0x0000000025cb4000 	/System/Library/PrivateFrameworks/CoreEmoji.framework/Versions/A/CoreEmoji
0x0000000025cb4000 	/System/Library/Frameworks/ServiceManagement.framework/Versions/A/ServiceManagement
0x0000000025cb4000 	/usr/lib/libxslt.1.dylib
0x0000000025cb4000 	/System/Library/Frameworks/Carbon.framework/Versions/A/Frameworks/Ink.framework/Versions/A/Ink
0x0000000025cb4000 	/System/Library/PrivateFrameworks/TextureIO.framework/Versions/A/TextureIO
0x0000000025cb4000 	/System/Library/Frameworks/Metal.framework/Versions/A/Metal
0x0000000025cb4000 	/usr/lib/libate.dylib
0x0000000025cb4000 	/System/Library/PrivateFrameworks/GPUCompiler.framework/libmetal_timestamp.dylib
0x0000000025cb4000 	/System/Library/Frameworks/OpenGL.framework/Versions/A/Libraries/libCoreFSCache.dylib
0x0000000025cb4000 	/System/Library/PrivateFrameworks/IOAccelerator.framework/Versions/A/IOAccelerator
0x0000000025cb4000 	/System/Library/Frameworks/CoreVideo.framework/Versions/A/CoreVideo
0x0000000025cb4000 	/usr/lib/libFosl_dynamic.dylib
0x0000000025cb4000 	/System/Library/PrivateFrameworks/MetalPerformanceShaders.framework/Versions/A/MetalPerformanceShaders
0x0000000025cb4000 	/System/Library/PrivateFrameworks/FaceCore.framework/Versions/A/FaceCore
0x0000000025cb4000 	/System/Library/Frameworks/OpenCL.framework/Versions/A/OpenCL
0x0000000025cb4000 	/System/Library/Frameworks/OpenGL.framework/Versions/A/Libraries/libGLU.dylib
0x0000000025cb4000 	/System/Library/Frameworks/OpenGL.framework/Versions/A/Libraries/libGFXShared.dylib
0x0000000025cb4000 	/System/Library/Frameworks/OpenGL.framework/Versions/A/Libraries/libGL.dylib
0x0000000025cb4000 	/System/Library/Frameworks/OpenGL.framework/Versions/A/Libraries/libGLImage.dylib
0x0000000025cb4000 	/System/Library/Frameworks/OpenGL.framework/Versions/A/Libraries/libCVMSPluginSupport.dylib
0x0000000025cb4000 	/System/Library/Frameworks/OpenGL.framework/Versions/A/Libraries/libCoreVMClient.dylib
0x0000000025cb4000 	/System/Library/PrivateFrameworks/CrashReporterSupport.framework/Versions/A/CrashReporterSupport
0x0000000025cb4000 	/System/Library/PrivateFrameworks/Sharing.framework/Versions/A/Sharing
0x0000000025cb4000 	/System/Library/PrivateFrameworks/IconServices.framework/Versions/A/IconServices
0x0000000025cb4000 	/System/Library/PrivateFrameworks/ProtocolBuffer.framework/Versions/A/ProtocolBuffer
0x0000000025cb4000 	/System/Library/PrivateFrameworks/Apple80211.framework/Versions/A/Apple80211
0x0000000025cb4000 	/System/Library/Frameworks/CoreWLAN.framework/Versions/A/CoreWLAN
0x0000000025cb4000 	/System/Library/PrivateFrameworks/CoreUtils.framework/Versions/A/CoreUtils
0x0000000025cb4000 	/System/Library/Frameworks/IOBluetooth.framework/Versions/A/IOBluetooth
0x0000000025cb4000 	/System/Library/PrivateFrameworks/CoreWiFi.framework/Versions/A/CoreWiFi
0x0000000025cb4000 	/System/Library/Frameworks/CoreBluetooth.framework/Versions/A/CoreBluetooth
0x0000000025cb4000 	/System/Library/Frameworks/CoreDisplay.framework/Versions/A/CoreDisplay
0x0000000025cb4000 	/System/Library/PrivateFrameworks/IOPresentment.framework/Versions/A/IOPresentment
0x0000000025cb4000 	/System/Library/PrivateFrameworks/DebugSymbols.framework/Versions/A/DebugSymbols
0x0000000025cb4000 	/System/Library/PrivateFrameworks/CoreSymbolication.framework/Versions/A/CoreSymbolication
0x0000000025cb4000 	/System/Library/PrivateFrameworks/Symbolication.framework/Versions/A/Symbolication
0x0000000025cb4000 	/System/Library/PrivateFrameworks/AppleFSCompression.framework/Versions/A/AppleFSCompression
0x0000000025cb4000 	/System/Library/PrivateFrameworks/SpeechRecognitionCore.framework/Versions/A/SpeechRecognitionCore
0x0000000025cb4000 	/System/Library/PrivateFrameworks/ChunkingLibrary.framework/Versions/A/ChunkingLibrary
0x000000010c000000 	/Library/Java/JavaVirtualMachines/jdk1.8.0_51.jdk/Contents/Home/jre/lib/server/libjvm.dylib
0x0000000025cb4000 	/usr/lib/libstdc++.6.dylib
0x000000010afa3000 	/Library/Java/JavaVirtualMachines/jdk1.8.0_51.jdk/Contents/Home/jre/lib/libverify.dylib
0x000000010afb1000 	/Library/Java/JavaVirtualMachines/jdk1.8.0_51.jdk/Contents/Home/jre/lib/libjava.dylib
0x000000010aff0000 	/Library/Java/JavaVirtualMachines/jdk1.8.0_51.jdk/Contents/Home/jre/lib/libzip.dylib
0x0000000118c1f000 	/System/Library/Frameworks/JavaVM.framework/Frameworks/JavaRuntimeSupport.framework/JavaRuntimeSupport
0x0000000118c39000 	/System/Library/Frameworks/JavaVM.framework/Versions/A/Frameworks/JavaNativeFoundation.framework/Versions/A/JavaNativeFoundation
0x0000000118c4e000 	/System/Library/Frameworks/JavaVM.framework/Versions/A/JavaVM
0x0000000025cb4000 	/System/Library/Frameworks/Carbon.framework/Versions/A/Carbon
0x0000000118c5b000 	/System/Library/PrivateFrameworks/JavaLaunching.framework/Versions/A/JavaLaunching
0x0000000025cb4000 	/System/Library/Frameworks/Carbon.framework/Versions/A/Frameworks/CommonPanels.framework/Versions/A/CommonPanels
0x0000000025cb4000 	/System/Library/Frameworks/Carbon.framework/Versions/A/Frameworks/Help.framework/Versions/A/Help
0x0000000025cb4000 	/System/Library/Frameworks/Carbon.framework/Versions/A/Frameworks/ImageCapture.framework/Versions/A/ImageCapture
0x0000000025cb4000 	/System/Library/Frameworks/Carbon.framework/Versions/A/Frameworks/OpenScripting.framework/Versions/A/OpenScripting
0x0000000025cb4000 	/System/Library/Frameworks/Carbon.framework/Versions/A/Frameworks/Print.framework/Versions/A/Print
0x0000000025cb4000 	/System/Library/Frameworks/Carbon.framework/Versions/A/Frameworks/SecurityHI.framework/Versions/A/SecurityHI
0x0000000118cad000 	/Library/Java/JavaVirtualMachines/jdk1.8.0_51.jdk/Contents/Home/jre/lib/libprism_es2.dylib
0x0000000025cb4000 	/System/Library/Frameworks/OpenGL.framework/Versions/A/Resources/GLEngine.bundle/GLEngine
0x0000000025cb4000 	/System/Library/Frameworks/OpenGL.framework/Versions/A/Libraries/libGLProgrammability.dylib
0x0000000129b10000 	/System/Library/Extensions/AppleIntelHD5000GraphicsGLDriver.bundle/Contents/MacOS/AppleIntelHD5000GraphicsGLDriver
0x0000000025cb4000 	/System/Library/PrivateFrameworks/GPUSupport.framework/Versions/A/Libraries/libGPUSupportMercury.dylib
0x0000000025cb4000 	/System/Library/Frameworks/OpenGL.framework/Versions/A/Resources/GLRendererFloat.bundle/GLRendererFloat
0x0000000025cb4000 	/System/Library/Frameworks/OpenCL.framework/Versions/A/Libraries/libcldcpuengine.dylib
0x0000000025cb4000 	/usr/lib/libcrypto.0.9.8.dylib
0x0000000025cb4000 	/System/Library/PrivateFrameworks/TrustEvaluationAgent.framework/Versions/A/TrustEvaluationAgent
0x000000012a67f000 	/Library/Java/JavaVirtualMachines/jdk1.8.0_51.jdk/Contents/Home/jre/lib/libglass.dylib
0x0000000025cb4000 	/System/Library/PrivateFrameworks/CoreServicesInternal.framework/Versions/A/CoreServicesInternal
0x0000000025cb4000 	/System/Library/CoreServices/RawCamera.bundle/Contents/MacOS/RawCamera
0x0000000025cb4000 	/System/Library/Frameworks/Accelerate.framework/Versions/A/Frameworks/vImage.framework/Versions/A/Libraries/libCGInterfaces.dylib
0x0000000025cb4000 	/System/Library/PrivateFrameworks/FamilyControls.framework/Versions/A/FamilyControls
0x0000000025cb4000 	/System/Library/PrivateFrameworks/CommerceKit.framework/Versions/A/Frameworks/CommerceCore.framework/Versions/A/CommerceCore
0x0000000025cb4000 	/System/Library/PrivateFrameworks/SystemAdministration.framework/Versions/A/SystemAdministration
0x0000000025cb4000 	/System/Library/PrivateFrameworks/AppContainer.framework/Versions/A/AppContainer
0x0000000025cb4000 	/System/Library/PrivateFrameworks/SecCodeWrapper.framework/Versions/A/SecCodeWrapper
0x0000000025cb4000 	/System/Library/Frameworks/DirectoryService.framework/Versions/A/DirectoryService
0x0000000025cb4000 	/System/Library/PrivateFrameworks/DiskImages.framework/Versions/A/DiskImages
0x0000000025cb4000 	/System/Library/PrivateFrameworks/LoginUIKit.framework/Versions/A/Frameworks/LoginUICore.framework/Versions/A/LoginUICore
0x0000000025cb4000 	/usr/lib/libCoreStorage.dylib
0x0000000025cb4000 	/usr/lib/libcsfde.dylib
0x0000000025cb4000 	/usr/lib/libodfde.dylib
0x0000000025cb4000 	/System/Library/Frameworks/DiscRecording.framework/Versions/A/DiscRecording
0x0000000025cb4000 	/usr/lib/libcurl.4.dylib
0x0000000025cb4000 	/System/Library/PrivateFrameworks/MediaKit.framework/Versions/A/MediaKit
0x0000000025cb4000 	/System/Library/PrivateFrameworks/ProtectedCloudStorage.framework/Versions/A/ProtectedCloudStorage
0x0000000025cb4000 	/System/Library/PrivateFrameworks/EFILogin.framework/Versions/A/EFILogin
0x0000000025cb4000 	/usr/lib/libutil.dylib
0x0000000025cb4000 	/System/Library/Frameworks/LDAP.framework/Versions/A/LDAP
0x0000000025cb4000 	/usr/lib/libsasl2.2.dylib
0x0000000025cb4000 	/System/Library/PrivateFrameworks/CoreDaemon.framework/Versions/B/CoreDaemon
0x0000000025cb4000 	/System/Library/PrivateFrameworks/AppleSRP.framework/Versions/A/AppleSRP
0x0000000025cb4000 	/System/Library/PrivateFrameworks/APFS.framework/Versions/A/APFS

VM Arguments:
jvm_args: -Dfile.encoding=UTF-8 
java_command: Game
java_class_path (initial): /Users/admin/Documents/workspace/Brickout/bin:/Users/admin/Documents/workspace/Brickout/FrontEnd2.jar
Launcher Type: SUN_STANDARD

Environment Variables:
PATH=/usr/bin:/bin:/usr/sbin:/sbin
SHELL=/bin/bash
DISPLAY=/private/tmp/com.apple.launchd.cbJpGBTUUk/org.macosforge.xquartz:0

Signal Handlers:
SIGSEGV: [libjvm.dylib+0x58ef35], sa_mask[0]=11111111011111110111111111111111, sa_flags=SA_ONSTACK|SA_RESTART|SA_SIGINFO
SIGBUS: [libjvm.dylib+0x58ef35], sa_mask[0]=11111111011111110111111111111111, sa_flags=SA_RESTART|SA_SIGINFO
SIGFPE: [libjvm.dylib+0x46c028], sa_mask[0]=11111111011111110111111111111111, sa_flags=SA_RESTART|SA_SIGINFO
SIGPIPE: [libjvm.dylib+0x46c028], sa_mask[0]=11111111011111110111111111111111, sa_flags=SA_RESTART|SA_SIGINFO
SIGXFSZ: [libjvm.dylib+0x46c028], sa_mask[0]=11111111011111110111111111111111, sa_flags=SA_RESTART|SA_SIGINFO
SIGILL: [libjvm.dylib+0x46c028], sa_mask[0]=11111111011111110111111111111111, sa_flags=SA_RESTART|SA_SIGINFO
SIGUSR1: SIG_DFL, sa_mask[0]=00000000000000000000000000000000, sa_flags=none
SIGUSR2: [libjvm.dylib+0x46bb46], sa_mask[0]=00100000000000000000000000000000, sa_flags=SA_RESTART|SA_SIGINFO
SIGHUP: [libjvm.dylib+0x46a119], sa_mask[0]=11111111011111110111111111111111, sa_flags=SA_RESTART|SA_SIGINFO
SIGINT: [libjvm.dylib+0x46a119], sa_mask[0]=11111111011111110111111111111111, sa_flags=SA_RESTART|SA_SIGINFO
SIGTERM: [libjvm.dylib+0x46a119], sa_mask[0]=11111111011111110111111111111111, sa_flags=SA_RESTART|SA_SIGINFO
SIGQUIT: [libjvm.dylib+0x46a119], sa_mask[0]=11111111011111110111111111111111, sa_flags=SA_RESTART|SA_SIGINFO


---------------  S Y S T E M  ---------------

OS:Bsduname:Darwin 16.4.0 Darwin Kernel Version 16.4.0: Thu Dec 22 22:53:21 PST 2016; root:xnu-3789.41.3~3/RELEASE_X86_64 x86_64
rlimit: STACK 8192k, CORE 0k, NPROC 709, NOFILE 10240, AS infinity
load average:1.97 1.94 1.78

CPU:total 8 (4 cores per cpu, 2 threads per core) family 6 model 70 stepping 1, cmov, cx8, fxsr, mmx, sse, sse2, sse3, ssse3, sse4.1, sse4.2, popcnt, avx, avx2, aes, clmul, erms, lzcnt, ht, tsc, tscinvbit, bmi1, bmi2

Memory: 4k page, physical 16777216k(63732k free)

/proc/meminfo:


vm_info: Java HotSpot(TM) 64-Bit Server VM (25.51-b03) for bsd-amd64 JRE (1.8.0_51-b16), built on Jun  8 2015 18:01:11 by "java_re" with gcc 4.2.1 (Based on Apple Inc. build 5658) (LLVM build 2336.11.00)

time: Mon May 15 08:22:37 2017
elapsed time: 0 seconds (0d 0h 0m 0s)

